<?xml version="1.0" encoding="UTF-8"?>
<robot generator="Robot 3.0 (Jython 2.7.0 on java1.8.0_112)" generated="20170212 09:10:57.251">
<suite source="C:\Users\Steven\Documents\GitHub\widgetJsu_Scortez\src\test\acceptancetest" name="Acceptancetest" id="s1">
<suite source="C:\Users\Steven\Documents\GitHub\widgetJsu_Scortez\src\test\acceptancetest\CustomWidgetTests.robot" name="CustomWidgetTests" id="s1-s1">
<test name="Hexagon Is Selected Initially" id="s1-s1-t1">
<kw library="SwingLibrary" name="Start Application">
<doc>Alias for `Launch Application` keyword</doc>
<arguments>
<arg>edu.jsu.mcis.Main</arg>
</arguments>
<status endtime="20170212 09:10:58.204" starttime="20170212 09:10:58.173" status="PASS"></status>
</kw>
<kw library="SwingLibrary" name="Select Window">
<doc>Selects a window as current context and sets focus to it.</doc>
<arguments>
<arg>Main</arg>
</arguments>
<status endtime="20170212 09:10:58.266" starttime="20170212 09:10:58.204" status="PASS"></status>
</kw>
<kw library="SwingLibrary" name="Label Text Should Be">
<doc>Checks the equality of given text and the text displayed on a label.</doc>
<arguments>
<arg>label</arg>
<arg>Hexagon</arg>
</arguments>
<status endtime="20170212 09:10:58.313" starttime="20170212 09:10:58.266" status="PASS"></status>
</kw>
<kw library="SwingLibrary" name="Close Window">
<doc>Closes a window.</doc>
<arguments>
<arg>Main</arg>
</arguments>
<status endtime="20170212 09:10:58.516" starttime="20170212 09:10:58.313" status="PASS"></status>
</kw>
<status critical="yes" endtime="20170212 09:10:58.516" starttime="20170212 09:10:58.173" status="PASS"></status>
</test>
<test name="Octagon Is Selected After Center Click" id="s1-s1-t2">
<kw library="SwingLibrary" name="Start Application">
<doc>Alias for `Launch Application` keyword</doc>
<arguments>
<arg>edu.jsu.mcis.Main</arg>
</arguments>
<status endtime="20170212 09:10:58.548" starttime="20170212 09:10:58.532" status="PASS"></status>
</kw>
<kw library="SwingLibrary" name="Select Window">
<doc>Selects a window as current context and sets focus to it.</doc>
<arguments>
<arg>Main</arg>
</arguments>
<status endtime="20170212 09:10:58.563" starttime="20170212 09:10:58.548" status="PASS"></status>
</kw>
<kw library="keywords.CustomWidgetKeywords" name="Click Octagon">
<status endtime="20170212 09:10:58.626" starttime="20170212 09:10:58.579" status="PASS"></status>
</kw>
<kw library="SwingLibrary" name="Label Text Should Be">
<doc>Checks the equality of given text and the text displayed on a label.</doc>
<arguments>
<arg>label</arg>
<arg>Octagon</arg>
</arguments>
<status endtime="20170212 09:10:58.641" starttime="20170212 09:10:58.626" status="PASS"></status>
</kw>
<kw library="SwingLibrary" name="Close Window">
<doc>Closes a window.</doc>
<arguments>
<arg>Main</arg>
</arguments>
<status endtime="20170212 09:10:58.813" starttime="20170212 09:10:58.641" status="PASS"></status>
</kw>
<status critical="yes" endtime="20170212 09:10:58.813" starttime="20170212 09:10:58.516" status="PASS"></status>
</test>
<test name="Widget Is Unchanged After Edge Click" id="s1-s1-t3">
<kw library="SwingLibrary" name="Start Application">
<doc>Alias for `Launch Application` keyword</doc>
<arguments>
<arg>edu.jsu.mcis.Main</arg>
</arguments>
<status endtime="20170212 09:10:58.829" starttime="20170212 09:10:58.813" status="PASS"></status>
</kw>
<kw library="SwingLibrary" name="Select Window">
<doc>Selects a window as current context and sets focus to it.</doc>
<arguments>
<arg>Main</arg>
</arguments>
<status endtime="20170212 09:10:58.845" starttime="20170212 09:10:58.845" status="PASS"></status>
</kw>
<kw library="keywords.CustomWidgetKeywords" name="Click Custom Widget Outside">
<status endtime="20170212 09:10:58.876" starttime="20170212 09:10:58.845" status="PASS"></status>
</kw>
<kw library="SwingLibrary" name="Label Text Should Be">
<doc>Checks the equality of given text and the text displayed on a label.</doc>
<arguments>
<arg>label</arg>
<arg>Hexagon</arg>
</arguments>
<status endtime="20170212 09:10:58.891" starttime="20170212 09:10:58.876" status="PASS"></status>
</kw>
<kw library="SwingLibrary" name="Close Window">
<doc>Closes a window.</doc>
<arguments>
<arg>Main</arg>
</arguments>
<status endtime="20170212 09:10:59.063" starttime="20170212 09:10:58.891" status="PASS"></status>
</kw>
<status critical="yes" endtime="20170212 09:10:59.063" starttime="20170212 09:10:58.813" status="PASS"></status>
</test>
<test name="Widget Toggles With Successive Center Clicks" id="s1-s1-t4">
<kw library="SwingLibrary" name="Start Application">
<doc>Alias for `Launch Application` keyword</doc>
<arguments>
<arg>edu.jsu.mcis.Main</arg>
</arguments>
<status endtime="20170212 09:10:59.079" starttime="20170212 09:10:59.063" status="PASS"></status>
</kw>
<kw library="SwingLibrary" name="Select Window">
<doc>Selects a window as current context and sets focus to it.</doc>
<arguments>
<arg>Main</arg>
</arguments>
<status endtime="20170212 09:10:59.110" starttime="20170212 09:10:59.079" status="PASS"></status>
</kw>
<kw library="keywords.CustomWidgetKeywords" name="Click Octagon">
<status endtime="20170212 09:10:59.126" starttime="20170212 09:10:59.110" status="PASS"></status>
</kw>
<kw library="SwingLibrary" name="Label Text Should Be">
<doc>Checks the equality of given text and the text displayed on a label.</doc>
<arguments>
<arg>label</arg>
<arg>Octagon</arg>
</arguments>
<status endtime="20170212 09:10:59.157" starttime="20170212 09:10:59.126" status="PASS"></status>
</kw>
<kw library="keywords.CustomWidgetKeywords" name="Click Hexagon">
<status endtime="20170212 09:10:59.173" starttime="20170212 09:10:59.157" status="PASS"></status>
</kw>
<kw library="SwingLibrary" name="Label Text Should Be">
<doc>Checks the equality of given text and the text displayed on a label.</doc>
<arguments>
<arg>label</arg>
<arg>Hexagon</arg>
</arguments>
<status endtime="20170212 09:10:59.173" starttime="20170212 09:10:59.173" status="PASS"></status>
</kw>
<kw library="SwingLibrary" name="Close Window">
<doc>Closes a window.</doc>
<arguments>
<arg>Main</arg>
</arguments>
<status endtime="20170212 09:10:59.376" starttime="20170212 09:10:59.188" status="PASS"></status>
</kw>
<status critical="yes" endtime="20170212 09:10:59.376" starttime="20170212 09:10:59.063" status="PASS"></status>
</test>
<status endtime="20170212 09:10:59.391" starttime="20170212 09:10:57.532" status="PASS"></status>
</suite>
<status endtime="20170212 09:10:59.454" starttime="20170212 09:10:57.251" status="PASS"></status>
</suite>
<statistics>
<total>
<stat pass="4" fail="0">Critical Tests</stat>
<stat pass="4" fail="0">All Tests</stat>
</total>
<tag>
</tag>
<suite>
<stat pass="4" fail="0" name="Acceptancetest" id="s1">Acceptancetest</stat>
<stat pass="4" fail="0" name="CustomWidgetTests" id="s1-s1">Acceptancetest.CustomWidgetTests</stat>
</suite>
</statistics>
<errors>
</errors>
</robot>
